<?xml version="1.0" encoding="UTF-8"?>
<!-- Generated by org.testng.reporters.JUnitXMLReporter -->
<testsuite ignored="0" hostname="Rohit-RG" failures="0" tests="4" name="Test" time="21.811" errors="0" timestamp="2024-02-28T13:37:05 IST">
  <testcase classname="TestNG.InvokeChromeBrowser" name="invokechrome" time="3.34"/>
  <testcase classname="TestNG.InvokeEdge" name="invokeedge" time="4.849"/>
  <testcase classname="TestNG.ListenerTestClass" name="invokechrome" time="2.265"/>
  <testcase classname="TestNG.InvokeFirefox" name="invokeff" time="11.294"/>
</testsuite> <!-- Test -->
