<?xml version="1.0" encoding="UTF-8"?>
<testng-results ignored="0" total="4" passed="4" failed="0" skipped="0">
  <reporter-output>
  </reporter-output>
  <suite started-at="2024-02-28T13:36:43 IST" name="Suite" finished-at="2024-02-28T13:37:05 IST" duration-ms="21811">
    <groups>
    </groups>
    <test started-at="2024-02-28T13:36:43 IST" name="Test" finished-at="2024-02-28T13:37:05 IST" duration-ms="21811">
      <class name="TestNG.InvokeChromeBrowser">
        <test-method signature="invokechrome()[pri:0, instance:TestNG.InvokeChromeBrowser@16293aa2]" started-at="2024-02-28T13:36:43 IST" name="invokechrome" finished-at="2024-02-28T13:36:46 IST" duration-ms="3340" status="PASS">
          <reporter-output>
          </reporter-output>
        </test-method> <!-- invokechrome -->
      </class> <!-- TestNG.InvokeChromeBrowser -->
      <class name="TestNG.InvokeFirefox">
        <test-method signature="invokeff()[pri:0, instance:TestNG.InvokeFirefox@36bc55de]" started-at="2024-02-28T13:36:54 IST" name="invokeff" finished-at="2024-02-28T13:37:05 IST" duration-ms="11294" status="PASS">
          <reporter-output>
          </reporter-output>
        </test-method> <!-- invokeff -->
      </class> <!-- TestNG.InvokeFirefox -->
      <class name="TestNG.InvokeEdge">
        <test-method signature="invokeedge()[pri:0, instance:TestNG.InvokeEdge@7e07db1f]" started-at="2024-02-28T13:36:46 IST" name="invokeedge" finished-at="2024-02-28T13:36:51 IST" duration-ms="4849" status="PASS">
          <reporter-output>
          </reporter-output>
        </test-method> <!-- invokeedge -->
      </class> <!-- TestNG.InvokeEdge -->
      <class name="TestNG.ListenerTestClass">
        <test-method signature="invokechrome()[pri:0, instance:TestNG.ListenerTestClass@1189dd52]" started-at="2024-02-28T13:36:51 IST" name="invokechrome" finished-at="2024-02-28T13:36:53 IST" duration-ms="2265" status="PASS">
          <reporter-output>
          </reporter-output>
        </test-method> <!-- invokechrome -->
      </class> <!-- TestNG.ListenerTestClass -->
    </test> <!-- Test -->
  </suite> <!-- Suite -->
</testng-results>
